<?xml version="1.0" encoding="UTF-8"?>
<testng-results ignored="0" total="17" passed="17" failed="0" skipped="0">
  <reporter-output>
  </reporter-output>
  <suite started-at="2024-04-01T21:38:19 IST" name="Tutorials Ninja Automation Suite" finished-at="2024-04-01T21:39:33 IST" duration-ms="73074">
    <groups>
    </groups>
    <test started-at="2024-04-01T21:38:19 IST" name="Tutorials Ninja Tests" finished-at="2024-04-01T21:39:33 IST" duration-ms="73074">
      <class name="com.tutorialsninja.qa.testcases.RegisterTest">
        <test-method is-config="true" signature="setup()[pri:0, instance:com.tutorialsninja.qa.testcases.RegisterTest@5af3afd9]" started-at="2024-04-01T21:38:20 IST" name="setup" finished-at="2024-04-01T21:38:23 IST" duration-ms="3407" status="PASS">
          <reporter-output>
          </reporter-output>
        </test-method> <!-- setup -->
        <test-method signature="VerifyRegisteringAnAccountWithMandatoryfields()[pri:1, instance:com.tutorialsninja.qa.testcases.RegisterTest@5af3afd9]" started-at="2024-04-01T21:38:23 IST" name="VerifyRegisteringAnAccountWithMandatoryfields" finished-at="2024-04-01T21:38:25 IST" duration-ms="1887" status="PASS">
          <reporter-output>
          </reporter-output>
        </test-method> <!-- VerifyRegisteringAnAccountWithMandatoryfields -->
        <test-method is-config="true" signature="tearDown()[pri:0, instance:com.tutorialsninja.qa.testcases.RegisterTest@5af3afd9]" started-at="2024-04-01T21:38:25 IST" name="tearDown" finished-at="2024-04-01T21:38:25 IST" duration-ms="163" status="PASS">
          <reporter-output>
          </reporter-output>
        </test-method> <!-- tearDown -->
        <test-method is-config="true" signature="setup()[pri:0, instance:com.tutorialsninja.qa.testcases.RegisterTest@5af3afd9]" started-at="2024-04-01T21:38:25 IST" name="setup" finished-at="2024-04-01T21:38:28 IST" duration-ms="2975" status="PASS">
          <reporter-output>
          </reporter-output>
        </test-method> <!-- setup -->
        <test-method signature="VerifyRegisteringAnAccountByProvidingAllFields()[pri:2, instance:com.tutorialsninja.qa.testcases.RegisterTest@5af3afd9]" started-at="2024-04-01T21:38:28 IST" name="VerifyRegisteringAnAccountByProvidingAllFields" finished-at="2024-04-01T21:38:30 IST" duration-ms="1774" status="PASS">
          <reporter-output>
          </reporter-output>
        </test-method> <!-- VerifyRegisteringAnAccountByProvidingAllFields -->
        <test-method is-config="true" signature="tearDown()[pri:0, instance:com.tutorialsninja.qa.testcases.RegisterTest@5af3afd9]" started-at="2024-04-01T21:38:30 IST" name="tearDown" finished-at="2024-04-01T21:38:30 IST" duration-ms="146" status="PASS">
          <reporter-output>
          </reporter-output>
        </test-method> <!-- tearDown -->
        <test-method is-config="true" signature="setup()[pri:0, instance:com.tutorialsninja.qa.testcases.RegisterTest@5af3afd9]" started-at="2024-04-01T21:38:30 IST" name="setup" finished-at="2024-04-01T21:38:33 IST" duration-ms="3067" status="PASS">
          <reporter-output>
          </reporter-output>
        </test-method> <!-- setup -->
        <test-method signature="VerifyRegisteringAccountWithExistingEmailId()[pri:3, instance:com.tutorialsninja.qa.testcases.RegisterTest@5af3afd9]" started-at="2024-04-01T21:38:33 IST" name="VerifyRegisteringAccountWithExistingEmailId" finished-at="2024-04-01T21:38:35 IST" duration-ms="1550" status="PASS">
          <reporter-output>
          </reporter-output>
        </test-method> <!-- VerifyRegisteringAccountWithExistingEmailId -->
        <test-method is-config="true" signature="tearDown()[pri:0, instance:com.tutorialsninja.qa.testcases.RegisterTest@5af3afd9]" started-at="2024-04-01T21:38:35 IST" name="tearDown" finished-at="2024-04-01T21:38:35 IST" duration-ms="153" status="PASS">
          <reporter-output>
          </reporter-output>
        </test-method> <!-- tearDown -->
        <test-method is-config="true" signature="setup()[pri:0, instance:com.tutorialsninja.qa.testcases.RegisterTest@5af3afd9]" started-at="2024-04-01T21:38:35 IST" name="setup" finished-at="2024-04-01T21:38:38 IST" duration-ms="2808" status="PASS">
          <reporter-output>
          </reporter-output>
        </test-method> <!-- setup -->
        <test-method signature="VerifyRegisteringAccountWithoutFillingAnyDetails()[pri:4, instance:com.tutorialsninja.qa.testcases.RegisterTest@5af3afd9]" started-at="2024-04-01T21:38:38 IST" name="VerifyRegisteringAccountWithoutFillingAnyDetails" finished-at="2024-04-01T21:38:38 IST" duration-ms="575" status="PASS">
          <reporter-output>
          </reporter-output>
        </test-method> <!-- VerifyRegisteringAccountWithoutFillingAnyDetails -->
        <test-method is-config="true" signature="tearDown()[pri:0, instance:com.tutorialsninja.qa.testcases.RegisterTest@5af3afd9]" started-at="2024-04-01T21:38:38 IST" name="tearDown" finished-at="2024-04-01T21:38:38 IST" duration-ms="158" status="PASS">
          <reporter-output>
          </reporter-output>
        </test-method> <!-- tearDown -->
      </class> <!-- com.tutorialsninja.qa.testcases.RegisterTest -->
      <class name="com.tutorialsninja.qa.testcases.SearchTest">
        <test-method is-config="true" signature="setup()[pri:0, instance:com.tutorialsninja.qa.testcases.SearchTest@16d04d3d]" started-at="2024-04-01T21:39:22 IST" name="setup" finished-at="2024-04-01T21:39:25 IST" duration-ms="3064" status="PASS">
          <reporter-output>
          </reporter-output>
        </test-method> <!-- setup -->
        <test-method signature="VerifySearchWithValidProduct()[pri:1, instance:com.tutorialsninja.qa.testcases.SearchTest@16d04d3d]" started-at="2024-04-01T21:39:25 IST" name="VerifySearchWithValidProduct" finished-at="2024-04-01T21:39:26 IST" duration-ms="634" status="PASS">
          <reporter-output>
          </reporter-output>
        </test-method> <!-- VerifySearchWithValidProduct -->
        <test-method is-config="true" signature="tearDown()[pri:0, instance:com.tutorialsninja.qa.testcases.SearchTest@16d04d3d]" started-at="2024-04-01T21:39:26 IST" name="tearDown" finished-at="2024-04-01T21:39:26 IST" duration-ms="185" status="PASS">
          <reporter-output>
          </reporter-output>
        </test-method> <!-- tearDown -->
        <test-method is-config="true" signature="setup()[pri:0, instance:com.tutorialsninja.qa.testcases.SearchTest@16d04d3d]" started-at="2024-04-01T21:39:26 IST" name="setup" finished-at="2024-04-01T21:39:29 IST" duration-ms="2988" status="PASS">
          <reporter-output>
          </reporter-output>
        </test-method> <!-- setup -->
        <test-method signature="VerifySearchWithInValidProduct()[pri:2, instance:com.tutorialsninja.qa.testcases.SearchTest@16d04d3d]" started-at="2024-04-01T21:39:29 IST" name="VerifySearchWithInValidProduct" finished-at="2024-04-01T21:39:29 IST" duration-ms="548" status="PASS">
          <reporter-output>
          </reporter-output>
        </test-method> <!-- VerifySearchWithInValidProduct -->
        <test-method is-config="true" signature="tearDown()[pri:0, instance:com.tutorialsninja.qa.testcases.SearchTest@16d04d3d]" started-at="2024-04-01T21:39:29 IST" name="tearDown" finished-at="2024-04-01T21:39:30 IST" duration-ms="164" status="PASS">
          <reporter-output>
          </reporter-output>
        </test-method> <!-- tearDown -->
        <test-method is-config="true" signature="setup()[pri:0, instance:com.tutorialsninja.qa.testcases.SearchTest@16d04d3d]" started-at="2024-04-01T21:39:30 IST" name="setup" finished-at="2024-04-01T21:39:32 IST" duration-ms="2502" status="PASS">
          <reporter-output>
          </reporter-output>
        </test-method> <!-- setup -->
        <test-method signature="VerifySearchWithoutAnyProduct()[pri:3, instance:com.tutorialsninja.qa.testcases.SearchTest@16d04d3d]" started-at="2024-04-01T21:39:32 IST" name="VerifySearchWithoutAnyProduct" finished-at="2024-04-01T21:39:32 IST" depends-on-methods="com.tutorialsninja.qa.testcases.SearchTest.VerifySearchWithInValidProduct" duration-ms="320" status="PASS">
          <reporter-output>
          </reporter-output>
        </test-method> <!-- VerifySearchWithoutAnyProduct -->
        <test-method is-config="true" signature="tearDown()[pri:0, instance:com.tutorialsninja.qa.testcases.SearchTest@16d04d3d]" started-at="2024-04-01T21:39:32 IST" name="tearDown" finished-at="2024-04-01T21:39:33 IST" duration-ms="144" status="PASS">
          <reporter-output>
          </reporter-output>
        </test-method> <!-- tearDown -->
      </class> <!-- com.tutorialsninja.qa.testcases.SearchTest -->
      <class name="com.tutorialsninja.qa.testcases.LoginTest">
        <test-method is-config="true" signature="setup()[pri:0, instance:com.tutorialsninja.qa.testcases.LoginTest@1189dd52]" started-at="2024-04-01T21:38:39 IST" name="setup" finished-at="2024-04-01T21:38:42 IST" duration-ms="2906" status="PASS">
          <reporter-output>
          </reporter-output>
        </test-method> <!-- setup -->
        <test-method signature="verifyLoginWithValidCredentials(java.lang.String,java.lang.String)[pri:1, instance:com.tutorialsninja.qa.testcases.LoginTest@1189dd52]" started-at="2024-04-01T21:38:42 IST" name="verifyLoginWithValidCredentials" data-provider="validCredentialsSuppler" finished-at="2024-04-01T21:38:43 IST" duration-ms="890" status="PASS">
          <params>
            <param index="0">
              <value>
                <![CDATA[maheshpatil234@gmail.com]]>
              </value>
            </param>
            <param index="1">
              <value>
                <![CDATA[12345]]>
              </value>
            </param>
          </params>
          <reporter-output>
          </reporter-output>
        </test-method> <!-- verifyLoginWithValidCredentials -->
        <test-method is-config="true" signature="tearDown()[pri:0, instance:com.tutorialsninja.qa.testcases.LoginTest@1189dd52]" started-at="2024-04-01T21:38:43 IST" name="tearDown" finished-at="2024-04-01T21:38:43 IST" duration-ms="208" status="PASS">
          <reporter-output>
          </reporter-output>
        </test-method> <!-- tearDown -->
        <test-method is-config="true" signature="setup()[pri:0, instance:com.tutorialsninja.qa.testcases.LoginTest@1189dd52]" started-at="2024-04-01T21:38:43 IST" name="setup" finished-at="2024-04-01T21:38:46 IST" duration-ms="2795" status="PASS">
          <reporter-output>
          </reporter-output>
        </test-method> <!-- setup -->
        <test-method signature="verifyLoginWithValidCredentials(java.lang.String,java.lang.String)[pri:1, instance:com.tutorialsninja.qa.testcases.LoginTest@1189dd52]" started-at="2024-04-01T21:38:46 IST" name="verifyLoginWithValidCredentials" data-provider="validCredentialsSuppler" finished-at="2024-04-01T21:38:47 IST" duration-ms="914" status="PASS">
          <params>
            <param index="0">
              <value>
                <![CDATA[maheshpatil34@gmail.com]]>
              </value>
            </param>
            <param index="1">
              <value>
                <![CDATA[12345]]>
              </value>
            </param>
          </params>
          <reporter-output>
          </reporter-output>
        </test-method> <!-- verifyLoginWithValidCredentials -->
        <test-method is-config="true" signature="tearDown()[pri:0, instance:com.tutorialsninja.qa.testcases.LoginTest@1189dd52]" started-at="2024-04-01T21:38:47 IST" name="tearDown" finished-at="2024-04-01T21:38:47 IST" duration-ms="277" status="PASS">
          <reporter-output>
          </reporter-output>
        </test-method> <!-- tearDown -->
        <test-method is-config="true" signature="setup()[pri:0, instance:com.tutorialsninja.qa.testcases.LoginTest@1189dd52]" started-at="2024-04-01T21:38:47 IST" name="setup" finished-at="2024-04-01T21:38:50 IST" duration-ms="2940" status="PASS">
          <reporter-output>
          </reporter-output>
        </test-method> <!-- setup -->
        <test-method signature="verifyLoginWithValidCredentials(java.lang.String,java.lang.String)[pri:1, instance:com.tutorialsninja.qa.testcases.LoginTest@1189dd52]" started-at="2024-04-01T21:38:50 IST" name="verifyLoginWithValidCredentials" data-provider="validCredentialsSuppler" finished-at="2024-04-01T21:38:51 IST" duration-ms="1032" status="PASS">
          <params>
            <param index="0">
              <value>
                <![CDATA[sangramnarale@gmail.com]]>
              </value>
            </param>
            <param index="1">
              <value>
                <![CDATA[12345]]>
              </value>
            </param>
          </params>
          <reporter-output>
          </reporter-output>
        </test-method> <!-- verifyLoginWithValidCredentials -->
        <test-method is-config="true" signature="tearDown()[pri:0, instance:com.tutorialsninja.qa.testcases.LoginTest@1189dd52]" started-at="2024-04-01T21:38:51 IST" name="tearDown" finished-at="2024-04-01T21:38:51 IST" duration-ms="184" status="PASS">
          <reporter-output>
          </reporter-output>
        </test-method> <!-- tearDown -->
        <test-method is-config="true" signature="setup()[pri:0, instance:com.tutorialsninja.qa.testcases.LoginTest@1189dd52]" started-at="2024-04-01T21:38:51 IST" name="setup" finished-at="2024-04-01T21:38:55 IST" duration-ms="3351" status="PASS">
          <reporter-output>
          </reporter-output>
        </test-method> <!-- setup -->
        <test-method signature="verifyLoginWithValidCredentials(java.lang.String,java.lang.String)[pri:1, instance:com.tutorialsninja.qa.testcases.LoginTest@1189dd52]" started-at="2024-04-01T21:38:55 IST" name="verifyLoginWithValidCredentials" data-provider="validCredentialsSuppler" finished-at="2024-04-01T21:38:56 IST" duration-ms="922" status="PASS">
          <params>
            <param index="0">
              <value>
                <![CDATA[mahesh.jadhav@aressindia.net]]>
              </value>
            </param>
            <param index="1">
              <value>
                <![CDATA[123456789]]>
              </value>
            </param>
          </params>
          <reporter-output>
          </reporter-output>
        </test-method> <!-- verifyLoginWithValidCredentials -->
        <test-method is-config="true" signature="tearDown()[pri:0, instance:com.tutorialsninja.qa.testcases.LoginTest@1189dd52]" started-at="2024-04-01T21:38:56 IST" name="tearDown" finished-at="2024-04-01T21:38:56 IST" duration-ms="181" status="PASS">
          <reporter-output>
          </reporter-output>
        </test-method> <!-- tearDown -->
        <test-method is-config="true" signature="setup()[pri:0, instance:com.tutorialsninja.qa.testcases.LoginTest@1189dd52]" started-at="2024-04-01T21:38:56 IST" name="setup" finished-at="2024-04-01T21:39:00 IST" duration-ms="3718" status="PASS">
          <reporter-output>
          </reporter-output>
        </test-method> <!-- setup -->
        <test-method signature="verifyLoginWithValidCredentials(java.lang.String,java.lang.String)[pri:1, instance:com.tutorialsninja.qa.testcases.LoginTest@1189dd52]" started-at="2024-04-01T21:39:00 IST" name="verifyLoginWithValidCredentials" data-provider="validCredentialsSuppler" finished-at="2024-04-01T21:39:01 IST" duration-ms="1022" status="PASS">
          <params>
            <param index="0">
              <value>
                <![CDATA[mahesh.holkar@gmail.com]]>
              </value>
            </param>
            <param index="1">
              <value>
                <![CDATA[12345]]>
              </value>
            </param>
          </params>
          <reporter-output>
          </reporter-output>
        </test-method> <!-- verifyLoginWithValidCredentials -->
        <test-method is-config="true" signature="tearDown()[pri:0, instance:com.tutorialsninja.qa.testcases.LoginTest@1189dd52]" started-at="2024-04-01T21:39:01 IST" name="tearDown" finished-at="2024-04-01T21:39:01 IST" duration-ms="211" status="PASS">
          <reporter-output>
          </reporter-output>
        </test-method> <!-- tearDown -->
        <test-method is-config="true" signature="setup()[pri:0, instance:com.tutorialsninja.qa.testcases.LoginTest@1189dd52]" started-at="2024-04-01T21:39:01 IST" name="setup" finished-at="2024-04-01T21:39:04 IST" duration-ms="3152" status="PASS">
          <reporter-output>
          </reporter-output>
        </test-method> <!-- setup -->
        <test-method signature="verifyLoginWithValidCredentials(java.lang.String,java.lang.String)[pri:1, instance:com.tutorialsninja.qa.testcases.LoginTest@1189dd52]" started-at="2024-04-01T21:39:04 IST" name="verifyLoginWithValidCredentials" data-provider="validCredentialsSuppler" finished-at="2024-04-01T21:39:05 IST" duration-ms="1034" status="PASS">
          <params>
            <param index="0">
              <value>
                <![CDATA[shriram@gmail.com]]>
              </value>
            </param>
            <param index="1">
              <value>
                <![CDATA[12345]]>
              </value>
            </param>
          </params>
          <reporter-output>
          </reporter-output>
        </test-method> <!-- verifyLoginWithValidCredentials -->
        <test-method is-config="true" signature="tearDown()[pri:0, instance:com.tutorialsninja.qa.testcases.LoginTest@1189dd52]" started-at="2024-04-01T21:39:05 IST" name="tearDown" finished-at="2024-04-01T21:39:05 IST" duration-ms="185" status="PASS">
          <reporter-output>
          </reporter-output>
        </test-method> <!-- tearDown -->
        <test-method is-config="true" signature="setup()[pri:0, instance:com.tutorialsninja.qa.testcases.LoginTest@1189dd52]" started-at="2024-04-01T21:39:05 IST" name="setup" finished-at="2024-04-01T21:39:08 IST" duration-ms="3254" status="PASS">
          <reporter-output>
          </reporter-output>
        </test-method> <!-- setup -->
        <test-method signature="verifyLoginWithInvalidCredentials()[pri:2, instance:com.tutorialsninja.qa.testcases.LoginTest@1189dd52]" started-at="2024-04-01T21:39:08 IST" name="verifyLoginWithInvalidCredentials" finished-at="2024-04-01T21:39:09 IST" duration-ms="814" status="PASS">
          <reporter-output>
          </reporter-output>
        </test-method> <!-- verifyLoginWithInvalidCredentials -->
        <test-method is-config="true" signature="tearDown()[pri:0, instance:com.tutorialsninja.qa.testcases.LoginTest@1189dd52]" started-at="2024-04-01T21:39:09 IST" name="tearDown" finished-at="2024-04-01T21:39:09 IST" duration-ms="141" status="PASS">
          <reporter-output>
          </reporter-output>
        </test-method> <!-- tearDown -->
        <test-method is-config="true" signature="setup()[pri:0, instance:com.tutorialsninja.qa.testcases.LoginTest@1189dd52]" started-at="2024-04-01T21:39:09 IST" name="setup" finished-at="2024-04-01T21:39:13 IST" duration-ms="3484" status="PASS">
          <reporter-output>
          </reporter-output>
        </test-method> <!-- setup -->
        <test-method signature="verifyLoginWithInvalidEmainAndValidPassword()[pri:3, instance:com.tutorialsninja.qa.testcases.LoginTest@1189dd52]" started-at="2024-04-01T21:39:13 IST" name="verifyLoginWithInvalidEmainAndValidPassword" finished-at="2024-04-01T21:39:14 IST" duration-ms="797" status="PASS">
          <reporter-output>
          </reporter-output>
        </test-method> <!-- verifyLoginWithInvalidEmainAndValidPassword -->
        <test-method is-config="true" signature="tearDown()[pri:0, instance:com.tutorialsninja.qa.testcases.LoginTest@1189dd52]" started-at="2024-04-01T21:39:14 IST" name="tearDown" finished-at="2024-04-01T21:39:14 IST" duration-ms="302" status="PASS">
          <reporter-output>
          </reporter-output>
        </test-method> <!-- tearDown -->
        <test-method is-config="true" signature="setup()[pri:0, instance:com.tutorialsninja.qa.testcases.LoginTest@1189dd52]" started-at="2024-04-01T21:39:14 IST" name="setup" finished-at="2024-04-01T21:39:17 IST" duration-ms="3092" status="PASS">
          <reporter-output>
          </reporter-output>
        </test-method> <!-- setup -->
        <test-method signature="verifyLoginWithValidEmainAndInvalidPassword()[pri:4, instance:com.tutorialsninja.qa.testcases.LoginTest@1189dd52]" started-at="2024-04-01T21:39:17 IST" name="verifyLoginWithValidEmainAndInvalidPassword" finished-at="2024-04-01T21:39:18 IST" duration-ms="786" status="PASS">
          <reporter-output>
          </reporter-output>
        </test-method> <!-- verifyLoginWithValidEmainAndInvalidPassword -->
        <test-method is-config="true" signature="tearDown()[pri:0, instance:com.tutorialsninja.qa.testcases.LoginTest@1189dd52]" started-at="2024-04-01T21:39:18 IST" name="tearDown" finished-at="2024-04-01T21:39:18 IST" duration-ms="152" status="PASS">
          <reporter-output>
          </reporter-output>
        </test-method> <!-- tearDown -->
        <test-method is-config="true" signature="setup()[pri:0, instance:com.tutorialsninja.qa.testcases.LoginTest@1189dd52]" started-at="2024-04-01T21:39:18 IST" name="setup" finished-at="2024-04-01T21:39:21 IST" duration-ms="3260" status="PASS">
          <reporter-output>
          </reporter-output>
        </test-method> <!-- setup -->
        <test-method signature="verifyLoginWithoutCredentials()[pri:5, instance:com.tutorialsninja.qa.testcases.LoginTest@1189dd52]" started-at="2024-04-01T21:39:21 IST" name="verifyLoginWithoutCredentials" finished-at="2024-04-01T21:39:22 IST" duration-ms="499" status="PASS">
          <reporter-output>
          </reporter-output>
        </test-method> <!-- verifyLoginWithoutCredentials -->
        <test-method is-config="true" signature="tearDown()[pri:0, instance:com.tutorialsninja.qa.testcases.LoginTest@1189dd52]" started-at="2024-04-01T21:39:22 IST" name="tearDown" finished-at="2024-04-01T21:39:22 IST" duration-ms="204" status="PASS">
          <reporter-output>
          </reporter-output>
        </test-method> <!-- tearDown -->
      </class> <!-- com.tutorialsninja.qa.testcases.LoginTest -->
    </test> <!-- Tutorials Ninja Tests -->
  </suite> <!-- Tutorials Ninja Automation Suite -->
</testng-results>
